My pid is 167298
Server running at /tmp/app.world-485388269
from client 
from client 0x

counter 1
My pid is 168125
Server running at /tmp/app.world-4164671318
from client 
from client 0x

counter 1
My pid is 171138
Server running at /tmp/app.world-2616939675
from client 
from client 0x

counter 1
My pid is 173618
Server running at /tmp/app.world-346399179
from client 
from client 0x

counter 1
My pid is 175792
Server running at /tmp/app.world-1163919102
from client 
from client 0x

counter 1
from client 0xB318d82866cd9f7d7a55dbbF0a80f787B72BF97C

counter 2
from client 0xa34794Dff7e5d2B06f5B98F3B27AAe9B919F3469

counter 3
from client 0x105dbc34F9cc0608c1682aD5BEA456E29bD0a70A

My pid is 176660
Server running at /tmp/app.world-4055603262
from client 
from client 0x

counter 1
from client 0xB318d82866cd9f7d7a55dbbF0a80f787B72BF97C

counter 2
from client 0xa34794Dff7e5d2B06f5B98F3B27AAe9B919F3469

counter 3
from client 0x105dbc34F9cc0608c1682aD5BEA456E29bD0a70A

My pid is 176849
Server running at /tmp/app.world-37588390
from client 
from client 0x

counter 1
from client 0xB318d82866cd9f7d7a55dbbF0a80f787B72BF97C

counter 2
from client 0xa34794Dff7e5d2B06f5B98F3B27AAe9B919F3469

counter 3
from client 0x105dbc34F9cc0608c1682aD5BEA456E29bD0a70A

My pid is 179200
Server running at /tmp/app.world-2585866529
from client 
from client 0x

counter 1
from client 0xB318d82866cd9f7d7a55dbbF0a80f787B72BF97C

counter 2
from client 0xa34794Dff7e5d2B06f5B98F3B27AAe9B919F3469

counter 3
from client 0x105dbc34F9cc0608c1682aD5BEA456E29bD0a70A

My pid is 179502
Server running at /tmp/app.world-4089707381
from client 
from client 0x

counter 1
from client 0xB318d82866cd9f7d7a55dbbF0a80f787B72BF97C

counter 2
from client 0xa34794Dff7e5d2B06f5B98F3B27AAe9B919F3469

counter 3
from client 0x105dbc34F9cc0608c1682aD5BEA456E29bD0a70A

My pid is 179643
Server running at /tmp/app.world-798103487
from client 
from client 0x

counter 1
from client 0xB318d82866cd9f7d7a55dbbF0a80f787B72BF97C

counter 2
from client 0xa34794Dff7e5d2B06f5B98F3B27AAe9B919F3469

counter 3
from client 0x105dbc34F9cc0608c1682aD5BEA456E29bD0a70A

My pid is 186346
Server running at /tmp/app.world-2227768419
from client 
from client 0x

counter 1
from client 0xB318d82866cd9f7d7a55dbbF0a80f787B72BF97C

counter 2
from client 0xa34794Dff7e5d2B06f5B98F3B27AAe9B919F3469

counter 3
from client 0x105dbc34F9cc0608c1682aD5BEA456E29bD0a70A

My pid is 189576
Server running at /tmp/app.world-3842234381
from client 
from client 0x

counter 1
from client 0xB318d82866cd9f7d7a55dbbF0a80f787B72BF97C

counter 2
from client 0xa34794Dff7e5d2B06f5B98F3B27AAe9B919F3469

counter 3
from client 0x105dbc34F9cc0608c1682aD5BEA456E29bD0a70A

